<?xml version="1.0" encoding="UTF-8"?>
<!-- Generated by org.testng.reporters.JUnitReportReporter -->
<testsuite skipped="0" hostname="PUNITP135360L" name="testcases.TC_001" tests="1" failures="0" timestamp="01 Sep 2018 08:22:45 GMT" time="14.314" errors="0">
  <testcase name="testcase1" time="14.314" classname="testcases.TC_001"/>
</testsuite> <!-- testcases.TC_001 -->
